2025-07-14 16:18:14.353 INFO   - [Utils] MethodGroupsHelper.collectMethodsByGroup() took 0 ms.
2025-07-14 16:18:14.358 INFO   - [Utils] MethodGroupsHelper.sortMethods() took 0 ms.
2025-07-14 16:18:14.359 INFO   - [Utils] MethodGroupsHelper.collectMethodsByGroup() took 0 ms.
2025-07-14 16:18:14.359 INFO   - [Utils] MethodGroupsHelper.sortMethods() took 0 ms.
2025-07-14 16:18:14.359 INFO   - [Utils] MethodGroupsHelper.collectMethodsByGroup() took 0 ms.
2025-07-14 16:18:14.359 INFO   - [Utils] MethodGroupsHelper.sortMethods() took 0 ms.
2025-07-14 16:18:14.359 INFO   - [Utils] MethodGroupsHelper.collectMethodsByGroup() took 0 ms.
2025-07-14 16:18:14.360 INFO   - [Utils] MethodGroupsHelper.sortMethods() took 0 ms.
2025-07-14 16:18:14.361 INFO   - [Utils] MethodGroupsHelper.collectMethodsByGroup() took 0 ms.
2025-07-14 16:18:14.365 INFO   - [Utils] MethodGroupsHelper.sortMethods() took 3 ms.
2025-07-14 16:18:14.365 INFO   - [Utils] MethodGroupsHelper.collectMethodsByGroup() took 0 ms.
2025-07-14 16:18:14.365 INFO   - [Utils] MethodGroupsHelper.sortMethods() took 0 ms.
2025-07-14 16:18:14.366 INFO   - [Utils] MethodGroupsHelper.collectMethodsByGroup() took 0 ms.
2025-07-14 16:18:14.366 INFO   - [Utils] MethodGroupsHelper.sortMethods() took 0 ms.
2025-07-14 16:18:14.366 INFO   - [Utils] MethodGroupsHelper.collectMethodsByGroup() took 0 ms.
2025-07-14 16:18:14.366 INFO   - [Utils] MethodGroupsHelper.sortMethods() took 0 ms.
2025-07-14 16:18:14.368 INFO   - [Utils] MethodGroupsHelper.collectMethodsByGroup() took 0 ms.
2025-07-14 16:18:14.368 INFO   - [Utils] MethodGroupsHelper.sortMethods() took 0 ms.
2025-07-14 16:18:14.368 INFO   - [Utils] MethodGroupsHelper.collectMethodsByGroup() took 0 ms.
2025-07-14 16:18:14.369 INFO   - [Utils] MethodGroupsHelper.sortMethods() took 0 ms.
2025-07-14 16:18:14.370 INFO   - [Utils] MethodGroupsHelper.collectMethodsByGroup() took 0 ms.
2025-07-14 16:18:14.370 INFO   - [Utils] MethodGroupsHelper.sortMethods() took 0 ms.
2025-07-14 16:18:14.370 INFO   - [Utils] MethodGroupsHelper.collectMethodsByGroup() took 0 ms.
2025-07-14 16:18:14.370 INFO   - [Utils] MethodGroupsHelper.sortMethods() took 0 ms.
2025-07-14 16:18:14.371 INFO   - [Utils] MethodGroupsHelper.collectMethodsByGroup() took 0 ms.
2025-07-14 16:18:14.372 INFO   - [Utils] MethodGroupsHelper.sortMethods() took 0 ms.
2025-07-14 16:18:14.372 INFO   - [Utils] MethodGroupsHelper.collectMethodsByGroup() took 0 ms.
2025-07-14 16:18:14.373 INFO   - [Utils] MethodGroupsHelper.sortMethods() took 0 ms.
2025-07-14 16:18:14.373 INFO   - [Utils] MethodGroupsHelper.collectMethodsByGroup() took 0 ms.
2025-07-14 16:18:14.373 INFO   - [Utils] MethodGroupsHelper.sortMethods() took 0 ms.
2025-07-14 16:18:14.375 INFO   - [TestNG] Running:
  /Users/fatma/Library/CloudStorage/OneDrive-NATIONALTRUST(2)/Desktop/MyStore/myStore/testng.xml

2025-07-14 16:18:14.382 INFO   - [Utils] DynamicGraphHelper.createDynamicGraph() took 1 ms.
