2025-07-14 16:15:58.623 INFO   - [Utils] MethodGroupsHelper.collectMethodsByGroup() took 0 ms.
2025-07-14 16:15:58.633 INFO   - [Utils] MethodGroupsHelper.sortMethods() took 0 ms.
2025-07-14 16:15:58.634 INFO   - [Utils] MethodGroupsHelper.collectMethodsByGroup() took 0 ms.
2025-07-14 16:15:58.635 INFO   - [Utils] MethodGroupsHelper.sortMethods() took 0 ms.
2025-07-14 16:15:58.636 INFO   - [Utils] MethodGroupsHelper.collectMethodsByGroup() took 0 ms.
2025-07-14 16:15:58.637 INFO   - [Utils] MethodGroupsHelper.sortMethods() took 0 ms.
2025-07-14 16:15:58.637 INFO   - [Utils] MethodGroupsHelper.collectMethodsByGroup() took 0 ms.
2025-07-14 16:15:58.637 INFO   - [Utils] MethodGroupsHelper.sortMethods() took 0 ms.
2025-07-14 16:15:58.639 INFO   - [Utils] MethodGroupsHelper.collectMethodsByGroup() took 0 ms.
2025-07-14 16:15:58.643 INFO   - [Utils] MethodGroupsHelper.sortMethods() took 3 ms.
2025-07-14 16:15:58.644 INFO   - [Utils] MethodGroupsHelper.collectMethodsByGroup() took 0 ms.
2025-07-14 16:15:58.644 INFO   - [Utils] MethodGroupsHelper.sortMethods() took 0 ms.
2025-07-14 16:15:58.645 INFO   - [Utils] MethodGroupsHelper.collectMethodsByGroup() took 0 ms.
2025-07-14 16:15:58.646 INFO   - [Utils] MethodGroupsHelper.sortMethods() took 0 ms.
2025-07-14 16:15:58.646 INFO   - [Utils] MethodGroupsHelper.collectMethodsByGroup() took 0 ms.
2025-07-14 16:15:58.647 INFO   - [Utils] MethodGroupsHelper.sortMethods() took 0 ms.
2025-07-14 16:15:58.648 INFO   - [Utils] MethodGroupsHelper.collectMethodsByGroup() took 0 ms.
2025-07-14 16:15:58.649 INFO   - [Utils] MethodGroupsHelper.sortMethods() took 0 ms.
2025-07-14 16:15:58.649 INFO   - [Utils] MethodGroupsHelper.collectMethodsByGroup() took 0 ms.
2025-07-14 16:15:58.650 INFO   - [Utils] MethodGroupsHelper.sortMethods() took 0 ms.
2025-07-14 16:15:58.651 INFO   - [Utils] MethodGroupsHelper.collectMethodsByGroup() took 0 ms.
2025-07-14 16:15:58.651 INFO   - [Utils] MethodGroupsHelper.sortMethods() took 0 ms.
2025-07-14 16:15:58.651 INFO   - [Utils] MethodGroupsHelper.collectMethodsByGroup() took 0 ms.
2025-07-14 16:15:58.651 INFO   - [Utils] MethodGroupsHelper.sortMethods() took 0 ms.
2025-07-14 16:15:58.652 INFO   - [Utils] MethodGroupsHelper.collectMethodsByGroup() took 0 ms.
2025-07-14 16:15:58.653 INFO   - [Utils] MethodGroupsHelper.sortMethods() took 0 ms.
2025-07-14 16:15:58.655 INFO   - [Utils] MethodGroupsHelper.collectMethodsByGroup() took 0 ms.
2025-07-14 16:15:58.655 INFO   - [Utils] MethodGroupsHelper.sortMethods() took 0 ms.
2025-07-14 16:15:58.655 INFO   - [Utils] MethodGroupsHelper.collectMethodsByGroup() took 0 ms.
2025-07-14 16:15:58.655 INFO   - [Utils] MethodGroupsHelper.sortMethods() took 0 ms.
2025-07-14 16:15:58.660 INFO   - [TestNG] Running:
  /Users/fatma/Library/CloudStorage/OneDrive-NATIONALTRUST(2)/Desktop/MyStore/myStore/testng.xml

2025-07-14 16:15:58.668 INFO   - [Utils] DynamicGraphHelper.createDynamicGraph() took 1 ms.
