2025-07-15 15:34:55.914 [INFO] [Thread main]  [Utils] MethodGroupsHelper.collectMethodsByGroup() took 0 ms.
2025-07-15 15:34:55.920 [INFO] [Thread main]  [Utils] MethodGroupsHelper.sortMethods() took 0 ms.
2025-07-15 15:34:55.921 [INFO] [Thread main]  [Utils] MethodGroupsHelper.collectMethodsByGroup() took 0 ms.
2025-07-15 15:34:55.921 [INFO] [Thread main]  [Utils] MethodGroupsHelper.sortMethods() took 0 ms.
2025-07-15 15:34:55.921 [INFO] [Thread main]  [Utils] MethodGroupsHelper.collectMethodsByGroup() took 0 ms.
2025-07-15 15:34:55.921 [INFO] [Thread main]  [Utils] MethodGroupsHelper.sortMethods() took 0 ms.
2025-07-15 15:34:55.922 [INFO] [Thread main]  [Utils] MethodGroupsHelper.collectMethodsByGroup() took 0 ms.
2025-07-15 15:34:55.922 [INFO] [Thread main]  [Utils] MethodGroupsHelper.sortMethods() took 0 ms.
2025-07-15 15:34:55.923 [INFO] [Thread main]  [Utils] MethodGroupsHelper.collectMethodsByGroup() took 0 ms.
2025-07-15 15:34:55.928 [INFO] [Thread main]  [Utils] MethodGroupsHelper.sortMethods() took 4 ms.
2025-07-15 15:34:55.928 [INFO] [Thread main]  [Utils] MethodGroupsHelper.collectMethodsByGroup() took 0 ms.
2025-07-15 15:34:55.929 [INFO] [Thread main]  [Utils] MethodGroupsHelper.sortMethods() took 0 ms.
2025-07-15 15:34:55.929 [INFO] [Thread main]  [Utils] MethodGroupsHelper.collectMethodsByGroup() took 0 ms.
2025-07-15 15:34:55.929 [INFO] [Thread main]  [Utils] MethodGroupsHelper.sortMethods() took 0 ms.
2025-07-15 15:34:55.929 [INFO] [Thread main]  [Utils] MethodGroupsHelper.collectMethodsByGroup() took 0 ms.
2025-07-15 15:34:55.929 [INFO] [Thread main]  [Utils] MethodGroupsHelper.sortMethods() took 0 ms.
2025-07-15 15:34:55.931 [INFO] [Thread main]  [Utils] MethodGroupsHelper.collectMethodsByGroup() took 0 ms.
2025-07-15 15:34:55.935 [INFO] [Thread main]  [Utils] MethodGroupsHelper.sortMethods() took 4 ms.
2025-07-15 15:34:55.936 [INFO] [Thread main]  [Utils] MethodGroupsHelper.collectMethodsByGroup() took 0 ms.
2025-07-15 15:34:55.936 [INFO] [Thread main]  [Utils] MethodGroupsHelper.sortMethods() took 0 ms.
2025-07-15 15:34:55.937 [INFO] [Thread main]  [Utils] MethodGroupsHelper.collectMethodsByGroup() took 0 ms.
2025-07-15 15:34:55.937 [INFO] [Thread main]  [Utils] MethodGroupsHelper.sortMethods() took 0 ms.
2025-07-15 15:34:55.937 [INFO] [Thread main]  [Utils] MethodGroupsHelper.collectMethodsByGroup() took 0 ms.
2025-07-15 15:34:55.937 [INFO] [Thread main]  [Utils] MethodGroupsHelper.sortMethods() took 0 ms.
2025-07-15 15:34:55.938 [INFO] [Thread main]  [Utils] MethodGroupsHelper.collectMethodsByGroup() took 0 ms.
2025-07-15 15:34:55.938 [INFO] [Thread main]  [Utils] MethodGroupsHelper.sortMethods() took 0 ms.
2025-07-15 15:34:55.939 [INFO] [Thread main]  [Utils] MethodGroupsHelper.collectMethodsByGroup() took 0 ms.
2025-07-15 15:34:55.939 [INFO] [Thread main]  [Utils] MethodGroupsHelper.sortMethods() took 0 ms.
2025-07-15 15:34:55.939 [INFO] [Thread main]  [Utils] MethodGroupsHelper.collectMethodsByGroup() took 0 ms.
2025-07-15 15:34:55.939 [INFO] [Thread main]  [Utils] MethodGroupsHelper.sortMethods() took 0 ms.
2025-07-15 15:34:55.941 [INFO] [Thread main]  [TestNG] Running:
  /Users/fatma/Library/CloudStorage/OneDrive-NATIONALTRUST(2)/Desktop/MyStore/myStore/testng.xml

2025-07-15 15:34:55.949 [INFO] [Thread main]  [Utils] DynamicGraphHelper.createDynamicGraph() took 1 ms.
