2025-07-15 15:29:38.238 [INFO] [Thread main]  [Utils] MethodGroupsHelper.collectMethodsByGroup() took 0 ms.
2025-07-15 15:29:38.242 [INFO] [Thread main]  [Utils] MethodGroupsHelper.sortMethods() took 0 ms.
2025-07-15 15:29:38.243 [INFO] [Thread main]  [Utils] MethodGroupsHelper.collectMethodsByGroup() took 0 ms.
2025-07-15 15:29:38.243 [INFO] [Thread main]  [Utils] MethodGroupsHelper.sortMethods() took 0 ms.
2025-07-15 15:29:38.243 [INFO] [Thread main]  [Utils] MethodGroupsHelper.collectMethodsByGroup() took 0 ms.
2025-07-15 15:29:38.243 [INFO] [Thread main]  [Utils] MethodGroupsHelper.sortMethods() took 0 ms.
2025-07-15 15:29:38.243 [INFO] [Thread main]  [Utils] MethodGroupsHelper.collectMethodsByGroup() took 0 ms.
2025-07-15 15:29:38.244 [INFO] [Thread main]  [Utils] MethodGroupsHelper.sortMethods() took 0 ms.
2025-07-15 15:29:38.245 [INFO] [Thread main]  [Utils] MethodGroupsHelper.collectMethodsByGroup() took 0 ms.
2025-07-15 15:29:38.249 [INFO] [Thread main]  [Utils] MethodGroupsHelper.sortMethods() took 4 ms.
2025-07-15 15:29:38.251 [INFO] [Thread main]  [Utils] MethodGroupsHelper.collectMethodsByGroup() took 0 ms.
2025-07-15 15:29:38.251 [INFO] [Thread main]  [Utils] MethodGroupsHelper.sortMethods() took 0 ms.
2025-07-15 15:29:38.251 [INFO] [Thread main]  [Utils] MethodGroupsHelper.collectMethodsByGroup() took 0 ms.
2025-07-15 15:29:38.252 [INFO] [Thread main]  [Utils] MethodGroupsHelper.sortMethods() took 0 ms.
2025-07-15 15:29:38.252 [INFO] [Thread main]  [Utils] MethodGroupsHelper.collectMethodsByGroup() took 0 ms.
2025-07-15 15:29:38.252 [INFO] [Thread main]  [Utils] MethodGroupsHelper.sortMethods() took 0 ms.
2025-07-15 15:29:38.253 [INFO] [Thread main]  [Utils] MethodGroupsHelper.collectMethodsByGroup() took 0 ms.
2025-07-15 15:29:38.258 [INFO] [Thread main]  [Utils] MethodGroupsHelper.sortMethods() took 4 ms.
2025-07-15 15:29:38.259 [INFO] [Thread main]  [Utils] MethodGroupsHelper.collectMethodsByGroup() took 0 ms.
2025-07-15 15:29:38.259 [INFO] [Thread main]  [Utils] MethodGroupsHelper.sortMethods() took 0 ms.
2025-07-15 15:29:38.260 [INFO] [Thread main]  [Utils] MethodGroupsHelper.collectMethodsByGroup() took 0 ms.
2025-07-15 15:29:38.260 [INFO] [Thread main]  [Utils] MethodGroupsHelper.sortMethods() took 0 ms.
2025-07-15 15:29:38.260 [INFO] [Thread main]  [Utils] MethodGroupsHelper.collectMethodsByGroup() took 0 ms.
2025-07-15 15:29:38.260 [INFO] [Thread main]  [Utils] MethodGroupsHelper.sortMethods() took 0 ms.
2025-07-15 15:29:38.261 [INFO] [Thread main]  [Utils] MethodGroupsHelper.collectMethodsByGroup() took 0 ms.
2025-07-15 15:29:38.261 [INFO] [Thread main]  [Utils] MethodGroupsHelper.sortMethods() took 0 ms.
2025-07-15 15:29:38.262 [INFO] [Thread main]  [Utils] MethodGroupsHelper.collectMethodsByGroup() took 0 ms.
2025-07-15 15:29:38.262 [INFO] [Thread main]  [Utils] MethodGroupsHelper.sortMethods() took 0 ms.
2025-07-15 15:29:38.262 [INFO] [Thread main]  [Utils] MethodGroupsHelper.collectMethodsByGroup() took 0 ms.
2025-07-15 15:29:38.262 [INFO] [Thread main]  [Utils] MethodGroupsHelper.sortMethods() took 0 ms.
2025-07-15 15:29:38.264 [INFO] [Thread main]  [TestNG] Running:
  /Users/fatma/Library/CloudStorage/OneDrive-NATIONALTRUST(2)/Desktop/MyStore/myStore/testng.xml

2025-07-15 15:29:38.273 [INFO] [Thread main]  [Utils] DynamicGraphHelper.createDynamicGraph() took 2 ms.
