2025-07-15 15:33:07.354 [INFO] [Thread main]  [Utils] MethodGroupsHelper.collectMethodsByGroup() took 0 ms.
2025-07-15 15:33:07.360 [INFO] [Thread main]  [Utils] MethodGroupsHelper.sortMethods() took 0 ms.
2025-07-15 15:33:07.361 [INFO] [Thread main]  [Utils] MethodGroupsHelper.collectMethodsByGroup() took 0 ms.
2025-07-15 15:33:07.361 [INFO] [Thread main]  [Utils] MethodGroupsHelper.sortMethods() took 0 ms.
2025-07-15 15:33:07.361 [INFO] [Thread main]  [Utils] MethodGroupsHelper.collectMethodsByGroup() took 0 ms.
2025-07-15 15:33:07.361 [INFO] [Thread main]  [Utils] MethodGroupsHelper.sortMethods() took 0 ms.
2025-07-15 15:33:07.362 [INFO] [Thread main]  [Utils] MethodGroupsHelper.collectMethodsByGroup() took 0 ms.
2025-07-15 15:33:07.362 [INFO] [Thread main]  [Utils] MethodGroupsHelper.sortMethods() took 0 ms.
2025-07-15 15:33:07.364 [INFO] [Thread main]  [Utils] MethodGroupsHelper.collectMethodsByGroup() took 0 ms.
2025-07-15 15:33:07.367 [INFO] [Thread main]  [Utils] MethodGroupsHelper.sortMethods() took 3 ms.
2025-07-15 15:33:07.368 [INFO] [Thread main]  [Utils] MethodGroupsHelper.collectMethodsByGroup() took 0 ms.
2025-07-15 15:33:07.368 [INFO] [Thread main]  [Utils] MethodGroupsHelper.sortMethods() took 0 ms.
2025-07-15 15:33:07.368 [INFO] [Thread main]  [Utils] MethodGroupsHelper.collectMethodsByGroup() took 0 ms.
2025-07-15 15:33:07.368 [INFO] [Thread main]  [Utils] MethodGroupsHelper.sortMethods() took 0 ms.
2025-07-15 15:33:07.369 [INFO] [Thread main]  [Utils] MethodGroupsHelper.collectMethodsByGroup() took 0 ms.
2025-07-15 15:33:07.369 [INFO] [Thread main]  [Utils] MethodGroupsHelper.sortMethods() took 0 ms.
2025-07-15 15:33:07.370 [INFO] [Thread main]  [Utils] MethodGroupsHelper.collectMethodsByGroup() took 0 ms.
2025-07-15 15:33:07.374 [INFO] [Thread main]  [Utils] MethodGroupsHelper.sortMethods() took 3 ms.
2025-07-15 15:33:07.375 [INFO] [Thread main]  [Utils] MethodGroupsHelper.collectMethodsByGroup() took 0 ms.
2025-07-15 15:33:07.375 [INFO] [Thread main]  [Utils] MethodGroupsHelper.sortMethods() took 0 ms.
2025-07-15 15:33:07.376 [INFO] [Thread main]  [Utils] MethodGroupsHelper.collectMethodsByGroup() took 0 ms.
2025-07-15 15:33:07.376 [INFO] [Thread main]  [Utils] MethodGroupsHelper.sortMethods() took 0 ms.
2025-07-15 15:33:07.376 [INFO] [Thread main]  [Utils] MethodGroupsHelper.collectMethodsByGroup() took 0 ms.
2025-07-15 15:33:07.376 [INFO] [Thread main]  [Utils] MethodGroupsHelper.sortMethods() took 0 ms.
2025-07-15 15:33:07.377 [INFO] [Thread main]  [Utils] MethodGroupsHelper.collectMethodsByGroup() took 0 ms.
2025-07-15 15:33:07.377 [INFO] [Thread main]  [Utils] MethodGroupsHelper.sortMethods() took 0 ms.
2025-07-15 15:33:07.378 [INFO] [Thread main]  [Utils] MethodGroupsHelper.collectMethodsByGroup() took 0 ms.
2025-07-15 15:33:07.378 [INFO] [Thread main]  [Utils] MethodGroupsHelper.sortMethods() took 0 ms.
2025-07-15 15:33:07.378 [INFO] [Thread main]  [Utils] MethodGroupsHelper.collectMethodsByGroup() took 0 ms.
2025-07-15 15:33:07.378 [INFO] [Thread main]  [Utils] MethodGroupsHelper.sortMethods() took 0 ms.
2025-07-15 15:33:07.380 [INFO] [Thread main]  [TestNG] Running:
  /Users/fatma/Library/CloudStorage/OneDrive-NATIONALTRUST(2)/Desktop/MyStore/myStore/testng.xml

2025-07-15 15:33:07.390 [INFO] [Thread main]  [Utils] DynamicGraphHelper.createDynamicGraph() took 3 ms.
